2026-04-08 20:10:18,305 - main - INFO - Starting OBD2 Diagnostic Platform
2026-04-08 20:10:18,315 - VehicleMatrix - INFO - Loaded profile for OEM: ford
2026-04-08 20:10:18,324 - VehicleMatrix - INFO - Loaded profile for OEM: gm
2026-04-08 20:10:18,326 - VehicleMatrix - INFO - Loaded profile for OEM: ram
2026-04-08 20:10:18,327 - OBDConnection - INFO - Attempting connection on COM99 at 115200 baud
2026-04-08 20:10:18,327 - OBDConnection - ERROR - Hardware connection failed: could not open port 'COM99': FileNotFoundError(2, 'The system cannot find the file specified.', None, 2)
2026-04-08 20:10:18,327 - LiveDataEngine - INFO - Active PIDs set to: ['0C', '0D', '05']
2026-04-08 20:10:18,328 - LiveDataEngine - INFO - Live data polling thread started
2026-04-08 20:10:49,346 - LiveDataEngine - INFO - Live data polling thread stopped
2026-04-08 20:10:49,347 - BidirectionalController - INFO - Request to execute Secondary_Air_Injection_Pump (Safety: SAFE)
2026-04-08 20:10:50,235 - BidirectionalController - INFO - Aborting current bidirectional test
2026-04-08 20:10:50,237 - LiveDataEngine - INFO - Live data polling thread started
2026-04-08 20:10:51,237 - LiveDataEngine - INFO - Live data polling thread stopped
2026-04-08 20:10:51,238 - BidirectionalController - INFO - Request to execute Secondary_Air_Injection_Pump (Safety: SAFE)
2026-04-08 20:10:52,717 - BidirectionalController - INFO - Aborting current bidirectional test
2026-04-08 20:10:52,719 - LiveDataEngine - INFO - Live data polling thread started
2026-04-08 20:20:09,510 - main - INFO - Starting OBD2 Diagnostic Platform
2026-04-08 20:20:09,520 - VehicleMatrix - INFO - Loaded profile for OEM: ford
2026-04-08 20:20:09,528 - VehicleMatrix - INFO - Loaded profile for OEM: gm
2026-04-08 20:20:09,530 - VehicleMatrix - INFO - Loaded profile for OEM: ram
2026-04-08 20:20:09,530 - OBDConnection - INFO - Attempting connection on COM99 at 115200 baud
2026-04-08 20:20:09,530 - OBDConnection - ERROR - Hardware connection failed: could not open port 'COM99': FileNotFoundError(2, 'The system cannot find the file specified.', None, 2)
2026-04-08 20:20:09,530 - LiveDataEngine - INFO - Active PIDs set to: ['0C', '0D', '05']
2026-04-08 20:20:09,531 - LiveDataEngine - INFO - Live data polling thread started
